{"E:\\Winsurf-Cursor-Features\\windsurf-movies-app\\frontend\\src\\App.js": {"path":"E:\\Winsurf-Cursor-Features\\windsurf-movies-app\\frontend\\src\\App.js","statementMap":{"0":{"start":{"line":8,"column":30},"end":{"line":8,"column":42}},"1":{"start":{"line":9,"column":32},"end":{"line":9,"column":46}},"2":{"start":{"line":10,"column":28},"end":{"line":10,"column":42}},"3":{"start":{"line":12,"column":2},"end":{"line":14,"column":9}},"4":{"start":{"line":13,"column":4},"end":{"line":13,"column":17}},"5":{"start":{"line":16,"column":21},"end":{"line":28,"column":3}},"6":{"start":{"line":17,"column":4},"end":{"line":27,"column":5}},"7":{"start":{"line":18,"column":6},"end":{"line":18,"column":23}},"8":{"start":{"line":19,"column":19},"end":{"line":19,"column":52}},"9":{"start":{"line":20,"column":6},"end":{"line":20,"column":22}},"10":{"start":{"line":21,"column":6},"end":{"line":21,"column":21}},"11":{"start":{"line":23,"column":6},"end":{"line":23,"column":65}},"12":{"start":{"line":24,"column":6},"end":{"line":24,"column":50}},"13":{"start":{"line":26,"column":6},"end":{"line":26,"column":24}},"14":{"start":{"line":30,"column":25},"end":{"line":40,"column":3}},"15":{"start":{"line":31,"column":4},"end":{"line":39,"column":5}},"16":{"start":{"line":32,"column":25},"end":{"line":32,"column":62}},"17":{"start":{"line":33,"column":6},"end":{"line":33,"column":41}},"18":{"start":{"line":34,"column":6},"end":{"line":34,"column":18}},"19":{"start":{"line":36,"column":6},"end":{"line":36,"column":57}},"20":{"start":{"line":37,"column":6},"end":{"line":37,"column":48}},"21":{"start":{"line":38,"column":6},"end":{"line":38,"column":19}},"22":{"start":{"line":42,"column":28},"end":{"line":52,"column":3}},"23":{"start":{"line":43,"column":4},"end":{"line":51,"column":5}},"24":{"start":{"line":44,"column":6},"end":{"line":44,"column":41}},"25":{"start":{"line":45,"column":6},"end":{"line":45,"column":57}},"26":{"start":{"line":45,"column":39},"end":{"line":45,"column":54}},"27":{"start":{"line":46,"column":6},"end":{"line":46,"column":18}},"28":{"start":{"line":48,"column":6},"end":{"line":48,"column":60}},"29":{"start":{"line":49,"column":6},"end":{"line":49,"column":50}},"30":{"start":{"line":50,"column":6},"end":{"line":50,"column":19}},"31":{"start":{"line":54,"column":2},"end":{"line":98,"column":4}},"32":{"start":{"line":64,"column":27},"end":{"line":64,"column":41}}},"fnMap":{"0":{"name":"App","decl":{"start":{"line":7,"column":9},"end":{"line":7,"column":12}},"loc":{"start":{"line":7,"column":15},"end":{"line":99,"column":1}},"line":7},"1":{"name":"(anonymous_1)","decl":{"start":{"line":12,"column":12},"end":{"line":12,"column":13}},"loc":{"start":{"line":12,"column":18},"end":{"line":14,"column":3}},"line":12},"2":{"name":"(anonymous_2)","decl":{"start":{"line":16,"column":21},"end":{"line":16,"column":22}},"loc":{"start":{"line":16,"column":33},"end":{"line":28,"column":3}},"line":16},"3":{"name":"(anonymous_3)","decl":{"start":{"line":30,"column":25},"end":{"line":30,"column":26}},"loc":{"start":{"line":30,"column":42},"end":{"line":40,"column":3}},"line":30},"4":{"name":"(anonymous_4)","decl":{"start":{"line":42,"column":28},"end":{"line":42,"column":29}},"loc":{"start":{"line":42,"column":42},"end":{"line":52,"column":3}},"line":42},"5":{"name":"(anonymous_5)","decl":{"start":{"line":45,"column":30},"end":{"line":45,"column":31}},"loc":{"start":{"line":45,"column":39},"end":{"line":45,"column":54}},"line":45},"6":{"name":"(anonymous_6)","decl":{"start":{"line":64,"column":21},"end":{"line":64,"column":22}},"loc":{"start":{"line":64,"column":27},"end":{"line":64,"column":41}},"line":64}},"branchMap":{"0":{"loc":{"start":{"line":58,"column":7},"end":{"line":68,"column":7}},"type":"binary-expr","locations":[{"start":{"line":58,"column":7},"end":{"line":58,"column":12}},{"start":{"line":59,"column":8},"end":{"line":67,"column":14}}],"line":58},"1":{"loc":{"start":{"line":83,"column":11},"end":{"line":94,"column":11}},"type":"cond-expr","locations":[{"start":{"line":84,"column":12},"end":{"line":88,"column":18}},{"start":{"line":90,"column":12},"end":{"line":93,"column":14}}],"line":83}},"s":{"0":21,"1":21,"2":21,"3":21,"4":8,"5":21,"6":8,"7":8,"8":8,"9":6,"10":6,"11":2,"12":2,"13":8,"14":21,"15":2,"16":2,"17":1,"18":1,"19":1,"20":1,"21":1,"22":21,"23":2,"24":2,"25":1,"26":2,"27":1,"28":1,"29":1,"30":1,"31":21,"32":1},"f":{"0":21,"1":8,"2":8,"3":2,"4":2,"5":2,"6":1},"b":{"0":[21,4],"1":[8,13]},"_coverageSchema":"1a1c01bbd47fc00a2c39e90264f33305004495a9","hash":"79ff4cb0ef4471598ed17007e5d1c1ab089b1151"}
,"E:\\Winsurf-Cursor-Features\\windsurf-movies-app\\frontend\\src\\components\\MovieForm.js": {"path":"E:\\Winsurf-Cursor-Features\\windsurf-movies-app\\frontend\\src\\components\\MovieForm.js","statementMap":{"0":{"start":{"line":4,"column":18},"end":{"line":143,"column":1}},"1":{"start":{"line":5,"column":27},"end":{"line":11,"column":3}},"2":{"start":{"line":13,"column":28},"end":{"line":13,"column":54}},"3":{"start":{"line":14,"column":38},"end":{"line":14,"column":53}},"4":{"start":{"line":15,"column":30},"end":{"line":15,"column":42}},"5":{"start":{"line":17,"column":28},"end":{"line":24,"column":3}},"6":{"start":{"line":18,"column":28},"end":{"line":18,"column":40}},"7":{"start":{"line":19,"column":4},"end":{"line":19,"column":42}},"8":{"start":{"line":21,"column":4},"end":{"line":23,"column":5}},"9":{"start":{"line":22,"column":6},"end":{"line":22,"column":45}},"10":{"start":{"line":26,"column":23},"end":{"line":34,"column":3}},"11":{"start":{"line":27,"column":22},"end":{"line":27,"column":24}},"12":{"start":{"line":28,"column":4},"end":{"line":30,"column":5}},"13":{"start":{"line":29,"column":6},"end":{"line":29,"column":44}},"14":{"start":{"line":32,"column":4},"end":{"line":32,"column":25}},"15":{"start":{"line":33,"column":4},"end":{"line":33,"column":47}},"16":{"start":{"line":36,"column":23},"end":{"line":53,"column":3}},"17":{"start":{"line":37,"column":4},"end":{"line":37,"column":27}},"18":{"start":{"line":39,"column":4},"end":{"line":41,"column":5}},"19":{"start":{"line":40,"column":6},"end":{"line":40,"column":13}},"20":{"start":{"line":43,"column":4},"end":{"line":43,"column":24}},"21":{"start":{"line":45,"column":4},"end":{"line":52,"column":5}},"22":{"start":{"line":46,"column":22},"end":{"line":46,"column":45}},"23":{"start":{"line":47,"column":6},"end":{"line":49,"column":7}},"24":{"start":{"line":48,"column":8},"end":{"line":48,"column":35}},"25":{"start":{"line":51,"column":6},"end":{"line":51,"column":27}},"26":{"start":{"line":55,"column":2},"end":{"line":142,"column":4}},"27":{"start":{"line":145,"column":0},"end":{"line":147,"column":2}}},"fnMap":{"0":{"name":"(anonymous_0)","decl":{"start":{"line":4,"column":18},"end":{"line":4,"column":19}},"loc":{"start":{"line":4,"column":38},"end":{"line":143,"column":1}},"line":4},"1":{"name":"(anonymous_1)","decl":{"start":{"line":17,"column":28},"end":{"line":17,"column":29}},"loc":{"start":{"line":17,"column":39},"end":{"line":24,"column":3}},"line":17},"2":{"name":"(anonymous_2)","decl":{"start":{"line":26,"column":23},"end":{"line":26,"column":24}},"loc":{"start":{"line":26,"column":29},"end":{"line":34,"column":3}},"line":26},"3":{"name":"(anonymous_3)","decl":{"start":{"line":36,"column":23},"end":{"line":36,"column":24}},"loc":{"start":{"line":36,"column":40},"end":{"line":53,"column":3}},"line":36}},"branchMap":{"0":{"loc":{"start":{"line":21,"column":4},"end":{"line":23,"column":5}},"type":"if","locations":[{"start":{"line":21,"column":4},"end":{"line":23,"column":5}},{"start":{},"end":{}}],"line":21},"1":{"loc":{"start":{"line":28,"column":4},"end":{"line":30,"column":5}},"type":"if","locations":[{"start":{"line":28,"column":4},"end":{"line":30,"column":5}},{"start":{},"end":{}}],"line":28},"2":{"loc":{"start":{"line":39,"column":4},"end":{"line":41,"column":5}},"type":"if","locations":[{"start":{"line":39,"column":4},"end":{"line":41,"column":5}},{"start":{},"end":{}}],"line":39},"3":{"loc":{"start":{"line":47,"column":6},"end":{"line":49,"column":7}},"type":"if","locations":[{"start":{"line":47,"column":6},"end":{"line":49,"column":7}},{"start":{},"end":{}}],"line":47},"4":{"loc":{"start":{"line":61,"column":37},"end":{"line":61,"column":69}},"type":"cond-expr","locations":[{"start":{"line":61,"column":52},"end":{"line":61,"column":64}},{"start":{"line":61,"column":67},"end":{"line":61,"column":69}}],"line":61},"5":{"loc":{"start":{"line":69,"column":9},"end":{"line":69,"column":79}},"type":"binary-expr","locations":[{"start":{"line":69,"column":9},"end":{"line":69,"column":21}},{"start":{"line":69,"column":25},"end":{"line":69,"column":79}}],"line":69},"6":{"loc":{"start":{"line":134,"column":9},"end":{"line":139,"column":23}},"type":"cond-expr","locations":[{"start":{"line":135,"column":10},"end":{"line":138,"column":13}},{"start":{"line":139,"column":12},"end":{"line":139,"column":23}}],"line":134}},"s":{"0":2,"1":56,"2":56,"3":56,"4":56,"5":56,"6":19,"7":19,"8":19,"9":1,"10":56,"11":7,"12":7,"13":2,"14":7,"15":7,"16":56,"17":7,"18":7,"19":2,"20":5,"21":5,"22":5,"23":5,"24":3,"25":5,"26":56,"27":2},"f":{"0":56,"1":19,"2":7,"3":7},"b":{"0":[1,18],"1":[2,5],"2":[2,5],"3":[3,2],"4":[2,54],"5":[56,2],"6":[5,51]},"_coverageSchema":"1a1c01bbd47fc00a2c39e90264f33305004495a9","hash":"1243defff0bbf6e80d611a1da1f4062441b03780"}
,"E:\\Winsurf-Cursor-Features\\windsurf-movies-app\\frontend\\src\\components\\MovieList.js": {"path":"E:\\Winsurf-Cursor-Features\\windsurf-movies-app\\frontend\\src\\components\\MovieList.js","statementMap":{"0":{"start":{"line":4,"column":18},"end":{"line":47,"column":1}},"1":{"start":{"line":5,"column":2},"end":{"line":11,"column":3}},"2":{"start":{"line":6,"column":4},"end":{"line":10,"column":6}},"3":{"start":{"line":13,"column":21},"end":{"line":17,"column":3}},"4":{"start":{"line":14,"column":4},"end":{"line":14,"column":38}},"5":{"start":{"line":14,"column":21},"end":{"line":14,"column":38}},"6":{"start":{"line":15,"column":17},"end":{"line":15,"column":37}},"7":{"start":{"line":16,"column":4},"end":{"line":16,"column":37}},"8":{"start":{"line":19,"column":2},"end":{"line":46,"column":4}},"9":{"start":{"line":22,"column":8},"end":{"line":43,"column":14}},"10":{"start":{"line":27,"column":31},"end":{"line":27,"column":54}},"11":{"start":{"line":49,"column":0},"end":{"line":61,"column":2}}},"fnMap":{"0":{"name":"(anonymous_0)","decl":{"start":{"line":4,"column":18},"end":{"line":4,"column":19}},"loc":{"start":{"line":4,"column":49},"end":{"line":47,"column":1}},"line":4},"1":{"name":"(anonymous_1)","decl":{"start":{"line":13,"column":21},"end":{"line":13,"column":22}},"loc":{"start":{"line":13,"column":37},"end":{"line":17,"column":3}},"line":13},"2":{"name":"(anonymous_2)","decl":{"start":{"line":21,"column":18},"end":{"line":21,"column":19}},"loc":{"start":{"line":22,"column":8},"end":{"line":43,"column":14}},"line":22},"3":{"name":"(anonymous_3)","decl":{"start":{"line":27,"column":25},"end":{"line":27,"column":26}},"loc":{"start":{"line":27,"column":31},"end":{"line":27,"column":54}},"line":27}},"branchMap":{"0":{"loc":{"start":{"line":5,"column":2},"end":{"line":11,"column":3}},"type":"if","locations":[{"start":{"line":5,"column":2},"end":{"line":11,"column":3}},{"start":{},"end":{}}],"line":5},"1":{"loc":{"start":{"line":14,"column":4},"end":{"line":14,"column":38}},"type":"if","locations":[{"start":{"line":14,"column":4},"end":{"line":14,"column":38}},{"start":{},"end":{}}],"line":14},"2":{"loc":{"start":{"line":34,"column":17},"end":{"line":34,"column":86}},"type":"cond-expr","locations":[{"start":{"line":34,"column":34},"end":{"line":34,"column":65}},{"start":{"line":34,"column":68},"end":{"line":34,"column":86}}],"line":34},"3":{"loc":{"start":{"line":37,"column":57},"end":{"line":37,"column":91}},"type":"binary-expr","locations":[{"start":{"line":37,"column":57},"end":{"line":37,"column":68}},{"start":{"line":37,"column":72},"end":{"line":37,"column":91}}],"line":37},"4":{"loc":{"start":{"line":40,"column":40},"end":{"line":40,"column":88}},"type":"binary-expr","locations":[{"start":{"line":40,"column":40},"end":{"line":40,"column":57}},{"start":{"line":40,"column":61},"end":{"line":40,"column":88}}],"line":40}},"s":{"0":2,"1":21,"2":4,"3":17,"4":30,"5":1,"6":29,"7":29,"8":17,"9":30,"10":3,"11":2},"f":{"0":21,"1":30,"2":30,"3":3},"b":{"0":[4,17],"1":[1,29],"2":[29,1],"3":[30,1],"4":[30,1]},"_coverageSchema":"1a1c01bbd47fc00a2c39e90264f33305004495a9","hash":"508e6536e0651b75d818564b5618f7a515fac4ac"}
,"E:\\Winsurf-Cursor-Features\\windsurf-movies-app\\frontend\\src\\services\\MovieService.js": {"path":"E:\\Winsurf-Cursor-Features\\windsurf-movies-app\\frontend\\src\\services\\MovieService.js","statementMap":{"0":{"start":{"line":3,"column":21},"end":{"line":3,"column":55}},"1":{"start":{"line":7,"column":4},"end":{"line":13,"column":5}},"2":{"start":{"line":8,"column":23},"end":{"line":8,"column":52}},"3":{"start":{"line":9,"column":6},"end":{"line":9,"column":27}},"4":{"start":{"line":11,"column":6},"end":{"line":11,"column":53}},"5":{"start":{"line":12,"column":6},"end":{"line":12,"column":18}},"6":{"start":{"line":17,"column":4},"end":{"line":23,"column":5}},"7":{"start":{"line":18,"column":23},"end":{"line":18,"column":63}},"8":{"start":{"line":19,"column":6},"end":{"line":19,"column":27}},"9":{"start":{"line":21,"column":6},"end":{"line":21,"column":66}},"10":{"start":{"line":22,"column":6},"end":{"line":22,"column":18}},"11":{"start":{"line":27,"column":4},"end":{"line":33,"column":5}},"12":{"start":{"line":28,"column":23},"end":{"line":28,"column":60}},"13":{"start":{"line":29,"column":6},"end":{"line":29,"column":27}},"14":{"start":{"line":31,"column":6},"end":{"line":31,"column":52}},"15":{"start":{"line":32,"column":6},"end":{"line":32,"column":18}},"16":{"start":{"line":37,"column":4},"end":{"line":43,"column":5}},"17":{"start":{"line":38,"column":6},"end":{"line":38,"column":50}},"18":{"start":{"line":39,"column":6},"end":{"line":39,"column":18}},"19":{"start":{"line":41,"column":6},"end":{"line":41,"column":66}},"20":{"start":{"line":42,"column":6},"end":{"line":42,"column":18}}},"fnMap":{"0":{"name":"(anonymous_0)","decl":{"start":{"line":6,"column":2},"end":{"line":6,"column":3}},"loc":{"start":{"line":6,"column":30},"end":{"line":14,"column":3}},"line":6},"1":{"name":"(anonymous_1)","decl":{"start":{"line":16,"column":2},"end":{"line":16,"column":3}},"loc":{"start":{"line":16,"column":32},"end":{"line":24,"column":3}},"line":16},"2":{"name":"(anonymous_2)","decl":{"start":{"line":26,"column":2},"end":{"line":26,"column":3}},"loc":{"start":{"line":26,"column":34},"end":{"line":34,"column":3}},"line":26},"3":{"name":"(anonymous_3)","decl":{"start":{"line":36,"column":2},"end":{"line":36,"column":3}},"loc":{"start":{"line":36,"column":31},"end":{"line":44,"column":3}},"line":36}},"branchMap":{},"s":{"0":2,"1":2,"2":2,"3":1,"4":1,"5":1,"6":2,"7":2,"8":1,"9":1,"10":1,"11":2,"12":2,"13":1,"14":1,"15":1,"16":2,"17":2,"18":1,"19":1,"20":1},"f":{"0":2,"1":2,"2":2,"3":2},"b":{},"_coverageSchema":"1a1c01bbd47fc00a2c39e90264f33305004495a9","hash":"aa3668f71bfa8739c905dff6aeca56602a00e737"}
}
