TN:
SF:src\App.js
FN:7,App
FN:12,(anonymous_1)
FN:16,(anonymous_2)
FN:30,(anonymous_3)
FN:42,(anonymous_4)
FN:45,(anonymous_5)
FN:64,(anonymous_6)
FNF:7
FNH:7
FNDA:21,App
FNDA:8,(anonymous_1)
FNDA:8,(anonymous_2)
FNDA:2,(anonymous_3)
FNDA:2,(anonymous_4)
FNDA:2,(anonymous_5)
FNDA:1,(anonymous_6)
DA:8,21
DA:9,21
DA:10,21
DA:12,21
DA:13,8
DA:16,21
DA:17,8
DA:18,8
DA:19,8
DA:20,6
DA:21,6
DA:23,2
DA:24,2
DA:26,8
DA:30,21
DA:31,2
DA:32,2
DA:33,1
DA:34,1
DA:36,1
DA:37,1
DA:38,1
DA:42,21
DA:43,2
DA:44,2
DA:45,2
DA:46,1
DA:48,1
DA:49,1
DA:50,1
DA:54,21
DA:64,1
LF:32
LH:32
BRDA:58,0,0,21
BRDA:58,0,1,4
BRDA:83,1,0,8
BRDA:83,1,1,13
BRF:4
BRH:4
end_of_record
TN:
SF:src\components\MovieForm.js
FN:4,(anonymous_0)
FN:17,(anonymous_1)
FN:26,(anonymous_2)
FN:36,(anonymous_3)
FNF:4
FNH:4
FNDA:56,(anonymous_0)
FNDA:19,(anonymous_1)
FNDA:7,(anonymous_2)
FNDA:7,(anonymous_3)
DA:4,2
DA:5,56
DA:13,56
DA:14,56
DA:15,56
DA:17,56
DA:18,19
DA:19,19
DA:21,19
DA:22,1
DA:26,56
DA:27,7
DA:28,7
DA:29,2
DA:32,7
DA:33,7
DA:36,56
DA:37,7
DA:39,7
DA:40,2
DA:43,5
DA:45,5
DA:46,5
DA:47,5
DA:48,3
DA:51,5
DA:55,56
DA:145,2
LF:28
LH:28
BRDA:21,0,0,1
BRDA:21,0,1,18
BRDA:28,1,0,2
BRDA:28,1,1,5
BRDA:39,2,0,2
BRDA:39,2,1,5
BRDA:47,3,0,3
BRDA:47,3,1,2
BRDA:61,4,0,2
BRDA:61,4,1,54
BRDA:69,5,0,56
BRDA:69,5,1,2
BRDA:134,6,0,5
BRDA:134,6,1,51
BRF:14
BRH:14
end_of_record
TN:
SF:src\components\MovieList.js
FN:4,(anonymous_0)
FN:13,(anonymous_1)
FN:21,(anonymous_2)
FN:27,(anonymous_3)
FNF:4
FNH:4
FNDA:21,(anonymous_0)
FNDA:30,(anonymous_1)
FNDA:30,(anonymous_2)
FNDA:3,(anonymous_3)
DA:4,2
DA:5,21
DA:6,4
DA:13,17
DA:14,30
DA:15,29
DA:16,29
DA:19,17
DA:22,30
DA:27,3
DA:49,2
LF:11
LH:11
BRDA:5,0,0,4
BRDA:5,0,1,17
BRDA:14,1,0,1
BRDA:14,1,1,29
BRDA:34,2,0,29
BRDA:34,2,1,1
BRDA:37,3,0,30
BRDA:37,3,1,1
BRDA:40,4,0,30
BRDA:40,4,1,1
BRF:10
BRH:10
end_of_record
TN:
SF:src\services\MovieService.js
FN:6,(anonymous_0)
FN:16,(anonymous_1)
FN:26,(anonymous_2)
FN:36,(anonymous_3)
FNF:4
FNH:4
FNDA:2,(anonymous_0)
FNDA:2,(anonymous_1)
FNDA:2,(anonymous_2)
FNDA:2,(anonymous_3)
DA:3,2
DA:7,2
DA:8,2
DA:9,1
DA:11,1
DA:12,1
DA:17,2
DA:18,2
DA:19,1
DA:21,1
DA:22,1
DA:27,2
DA:28,2
DA:29,1
DA:31,1
DA:32,1
DA:37,2
DA:38,2
DA:39,1
DA:41,1
DA:42,1
LF:21
LH:21
BRF:0
BRH:0
end_of_record
